0 info it worked if it ends with ok
1 verbose cli [ '/usr/local/bin/node',
1 verbose cli   '/usr/local/bin/npm',
1 verbose cli   'install',
1 verbose cli   '-g',
1 verbose cli   'express' ]
2 info using npm@1.3.8
3 info using node@v0.10.18
4 verbose cache add [ 'express', null ]
5 verbose cache add name=undefined spec="express" args=["express",null]
6 verbose parsed url { protocol: null,
6 verbose parsed url   slashes: null,
6 verbose parsed url   auth: null,
6 verbose parsed url   host: null,
6 verbose parsed url   port: null,
6 verbose parsed url   hostname: null,
6 verbose parsed url   hash: null,
6 verbose parsed url   search: null,
6 verbose parsed url   query: null,
6 verbose parsed url   pathname: 'express',
6 verbose parsed url   path: 'express',
6 verbose parsed url   href: 'express' }
7 silly lockFile f3c62de4-express express
8 verbose lock express /home/mki/.npm/f3c62de4-express.lock
9 silly lockFile f3c62de4-express express
10 silly lockFile f3c62de4-express express
11 verbose addNamed [ 'express', '' ]
12 verbose addNamed [ null, '*' ]
13 silly lockFile 64a534c1-express express@
14 verbose lock express@ /home/mki/.npm/64a534c1-express.lock
15 silly addNameRange { name: 'express', range: '*', hasData: false }
16 verbose url raw express
17 verbose url resolving [ 'https://registry.npmjs.org/', './express' ]
18 verbose url resolved https://registry.npmjs.org/express
19 info trying registry request attempt 1 at 03:30:11
20 http GET https://registry.npmjs.org/express
21 http 200 https://registry.npmjs.org/express
22 silly registry.get cb [ 200,
22 silly registry.get   { vary: 'Accept',
22 silly registry.get     server: 'CouchDB/1.3.1 (Erlang OTP/R15B03)',
22 silly registry.get     etag: '"D9LCF2M5NJQ0PZL2Z7WZGTB07"',
22 silly registry.get     date: 'Tue, 24 Sep 2013 07:32:00 GMT',
22 silly registry.get     'content-type': 'application/json',
22 silly registry.get     'content-length': '431878' } ]
23 silly addNameRange number 2 { name: 'express', range: '*', hasData: true }
24 silly addNameRange versions [ 'express',
24 silly addNameRange   [ '0.14.0',
24 silly addNameRange     '0.14.1',
24 silly addNameRange     '1.0.0',
24 silly addNameRange     '1.0.1',
24 silly addNameRange     '1.0.2',
24 silly addNameRange     '1.0.3',
24 silly addNameRange     '1.0.4',
24 silly addNameRange     '1.0.5',
24 silly addNameRange     '1.0.6',
24 silly addNameRange     '1.0.7',
24 silly addNameRange     '1.0.8',
24 silly addNameRange     '2.0.0',
24 silly addNameRange     '2.1.0',
24 silly addNameRange     '2.1.1',
24 silly addNameRange     '2.2.0',
24 silly addNameRange     '2.2.1',
24 silly addNameRange     '2.2.2',
24 silly addNameRange     '2.3.0',
24 silly addNameRange     '2.3.1',
24 silly addNameRange     '2.3.2',
24 silly addNameRange     '2.3.3',
24 silly addNameRange     '2.3.4',
24 silly addNameRange     '2.3.5',
24 silly addNameRange     '2.3.6',
24 silly addNameRange     '2.3.7',
24 silly addNameRange     '2.3.8',
24 silly addNameRange     '2.3.9',
24 silly addNameRange     '2.3.10',
24 silly addNameRange     '2.3.11',
24 silly addNameRange     '2.3.12',
24 silly addNameRange     '2.4.0',
24 silly addNameRange     '2.4.1',
24 silly addNameRange     '2.4.2',
24 silly addNameRange     '2.4.3',
24 silly addNameRange     '2.4.4',
24 silly addNameRange     '2.4.5',
24 silly addNameRange     '2.4.6',
24 silly addNameRange     '2.4.7',
24 silly addNameRange     '2.5.0',
24 silly addNameRange     '2.5.1',
24 silly addNameRange     '2.5.2',
24 silly addNameRange     '2.5.3',
24 silly addNameRange     '2.5.4',
24 silly addNameRange     '2.5.5',
24 silly addNameRange     '2.5.6',
24 silly addNameRange     '2.5.7',
24 silly addNameRange     '2.5.8',
24 silly addNameRange     '2.5.9',
24 silly addNameRange     '2.5.10',
24 silly addNameRange     '2.5.11',
24 silly addNameRange     '3.0.0',
24 silly addNameRange     '3.0.1',
24 silly addNameRange     '3.0.2',
24 silly addNameRange     '3.0.3',
24 silly addNameRange     '3.0.4',
24 silly addNameRange     '3.0.5',
24 silly addNameRange     '3.0.6',
24 silly addNameRange     '3.1.0',
24 silly addNameRange     '3.1.1',
24 silly addNameRange     '3.1.2',
24 silly addNameRange     '3.2.0',
24 silly addNameRange     '3.2.1',
24 silly addNameRange     '3.2.2',
24 silly addNameRange     '3.2.3',
24 silly addNameRange     '3.2.4',
24 silly addNameRange     '3.2.5',
24 silly addNameRange     '3.2.6',
24 silly addNameRange     '3.3.0',
24 silly addNameRange     '3.3.1',
24 silly addNameRange     '3.3.2',
24 silly addNameRange     '3.3.3',
24 silly addNameRange     '3.3.4',
24 silly addNameRange     '3.3.5',
24 silly addNameRange     '3.3.6',
24 silly addNameRange     '1.0.0-beta',
24 silly addNameRange     '1.0.0-beta2',
24 silly addNameRange     '1.0.0-rc',
24 silly addNameRange     '1.0.0-rc2',
24 silly addNameRange     '1.0.0-rc3',
24 silly addNameRange     '1.0.0-rc4',
24 silly addNameRange     '2.0.0-beta',
24 silly addNameRange     '2.0.0-beta2',
24 silly addNameRange     '2.0.0-beta3',
24 silly addNameRange     '2.0.0-rc',
24 silly addNameRange     '2.0.0-rc2',
24 silly addNameRange     '2.0.0-rc3',
24 silly addNameRange     '3.0.0-alpha1',
24 silly addNameRange     '3.0.0-alpha2',
24 silly addNameRange     '3.0.0-alpha3',
24 silly addNameRange     '3.0.0-alpha4',
24 silly addNameRange     '3.0.0-alpha5',
24 silly addNameRange     '3.0.0-beta1',
24 silly addNameRange     '3.0.0-beta2',
24 silly addNameRange     '3.0.0-beta3',
24 silly addNameRange     '3.0.0-beta4',
24 silly addNameRange     '3.0.0-beta6',
24 silly addNameRange     '3.0.0-beta7',
24 silly addNameRange     '3.0.0-rc1',
24 silly addNameRange     '3.0.0-rc2',
24 silly addNameRange     '3.0.0-rc3',
24 silly addNameRange     '3.0.0-rc4',
24 silly addNameRange     '3.0.0-rc5',
24 silly addNameRange     '3.3.7',
24 silly addNameRange     '3.3.8',
24 silly addNameRange     '3.4.0' ] ]
25 verbose addNamed [ 'express', '3.4.0' ]
26 verbose addNamed [ '3.4.0', '3.4.0' ]
27 silly lockFile 86194427-express-3-4-0 express@3.4.0
28 verbose lock express@3.4.0 /home/mki/.npm/86194427-express-3-4-0.lock
29 silly lockFile c97509f2-js-org-express-express-3-4-0-tgz https://registry.npmjs.org/express/-/express-3.4.0.tgz
30 verbose lock https://registry.npmjs.org/express/-/express-3.4.0.tgz /home/mki/.npm/c97509f2-js-org-express-express-3-4-0-tgz.lock
31 verbose addRemoteTarball [ 'https://registry.npmjs.org/express/-/express-3.4.0.tgz',
31 verbose addRemoteTarball   '6ed289da0d5f55ac30997cf832e5fc36f784071e' ]
32 info retry fetch attempt 1 at 03:30:23
33 verbose fetch to= /home/mki/tmp/npm-13123-rr_PrFNl/1380007823330-0.6995209839660674/tmp.tgz
34 http GET https://registry.npmjs.org/express/-/express-3.4.0.tgz
35 http 200 https://registry.npmjs.org/express/-/express-3.4.0.tgz
36 verbose tar unpack /home/mki/tmp/npm-13123-rr_PrFNl/1380007823330-0.6995209839660674/tmp.tgz
37 silly lockFile 02f9cdb3-23330-0-6995209839660674-package tar:///home/mki/tmp/npm-13123-rr_PrFNl/1380007823330-0.6995209839660674/package
38 verbose lock tar:///home/mki/tmp/npm-13123-rr_PrFNl/1380007823330-0.6995209839660674/package /home/mki/.npm/02f9cdb3-23330-0-6995209839660674-package.lock
39 silly lockFile db055950-23330-0-6995209839660674-tmp-tgz tar:///home/mki/tmp/npm-13123-rr_PrFNl/1380007823330-0.6995209839660674/tmp.tgz
40 verbose lock tar:///home/mki/tmp/npm-13123-rr_PrFNl/1380007823330-0.6995209839660674/tmp.tgz /home/mki/.npm/db055950-23330-0-6995209839660674-tmp-tgz.lock
41 silly gunzTarPerm modes [ '755', '644' ]
42 silly gunzTarPerm extractEntry package.json
43 silly gunzTarPerm extractEntry .npmignore
44 silly gunzTarPerm extractEntry LICENSE
45 silly gunzTarPerm extractEntry index.js
46 silly gunzTarPerm extractEntry test.js
47 silly gunzTarPerm extractEntry .travis.yml
48 silly gunzTarPerm extractEntry History.md
49 silly gunzTarPerm extractEntry Makefile
50 silly gunzTarPerm extractEntry bin/express
51 silly gunzTarPerm extractEntry Readme.md
52 silly gunzTarPerm extractEntry lib/application.js
53 silly gunzTarPerm extractEntry lib/express.js
54 silly gunzTarPerm extractEntry lib/middleware.js
55 silly gunzTarPerm extractEntry lib/request.js
56 silly gunzTarPerm extractEntry lib/response.js
57 silly gunzTarPerm extractEntry lib/utils.js
58 silly gunzTarPerm extractEntry lib/view.js
59 silly gunzTarPerm extractEntry lib/router/index.js
60 silly gunzTarPerm extractEntry lib/router/route.js
61 silly lockFile 02f9cdb3-23330-0-6995209839660674-package tar:///home/mki/tmp/npm-13123-rr_PrFNl/1380007823330-0.6995209839660674/package
62 silly lockFile 02f9cdb3-23330-0-6995209839660674-package tar:///home/mki/tmp/npm-13123-rr_PrFNl/1380007823330-0.6995209839660674/package
63 silly lockFile db055950-23330-0-6995209839660674-tmp-tgz tar:///home/mki/tmp/npm-13123-rr_PrFNl/1380007823330-0.6995209839660674/tmp.tgz
64 silly lockFile db055950-23330-0-6995209839660674-tmp-tgz tar:///home/mki/tmp/npm-13123-rr_PrFNl/1380007823330-0.6995209839660674/tmp.tgz
65 verbose tar pack [ '/home/mki/.npm/express/3.4.0/package.tgz',
65 verbose tar pack   '/home/mki/tmp/npm-13123-rr_PrFNl/1380007823330-0.6995209839660674/package' ]
66 verbose tarball /home/mki/.npm/express/3.4.0/package.tgz
67 verbose folder /home/mki/tmp/npm-13123-rr_PrFNl/1380007823330-0.6995209839660674/package
68 silly lockFile 02f9cdb3-23330-0-6995209839660674-package tar:///home/mki/tmp/npm-13123-rr_PrFNl/1380007823330-0.6995209839660674/package
69 verbose lock tar:///home/mki/tmp/npm-13123-rr_PrFNl/1380007823330-0.6995209839660674/package /home/mki/.npm/02f9cdb3-23330-0-6995209839660674-package.lock
70 silly lockFile 24b09c22-ki-npm-express-3-4-0-package-tgz tar:///home/mki/.npm/express/3.4.0/package.tgz
71 verbose lock tar:///home/mki/.npm/express/3.4.0/package.tgz /home/mki/.npm/24b09c22-ki-npm-express-3-4-0-package-tgz.lock
72 silly lockFile 02f9cdb3-23330-0-6995209839660674-package tar:///home/mki/tmp/npm-13123-rr_PrFNl/1380007823330-0.6995209839660674/package
73 silly lockFile 02f9cdb3-23330-0-6995209839660674-package tar:///home/mki/tmp/npm-13123-rr_PrFNl/1380007823330-0.6995209839660674/package
74 silly lockFile 24b09c22-ki-npm-express-3-4-0-package-tgz tar:///home/mki/.npm/express/3.4.0/package.tgz
75 silly lockFile 24b09c22-ki-npm-express-3-4-0-package-tgz tar:///home/mki/.npm/express/3.4.0/package.tgz
76 silly lockFile bc40b2bf-me-mki-npm-express-3-4-0-package /home/mki/.npm/express/3.4.0/package
77 verbose lock /home/mki/.npm/express/3.4.0/package /home/mki/.npm/bc40b2bf-me-mki-npm-express-3-4-0-package.lock
78 silly lockFile bc40b2bf-me-mki-npm-express-3-4-0-package /home/mki/.npm/express/3.4.0/package
79 silly lockFile bc40b2bf-me-mki-npm-express-3-4-0-package /home/mki/.npm/express/3.4.0/package
80 verbose tar unpack /home/mki/.npm/express/3.4.0/package.tgz
81 silly lockFile a1ac9fe9-me-mki-npm-express-3-4-0-package tar:///home/mki/.npm/express/3.4.0/package
82 verbose lock tar:///home/mki/.npm/express/3.4.0/package /home/mki/.npm/a1ac9fe9-me-mki-npm-express-3-4-0-package.lock
83 silly lockFile 24b09c22-ki-npm-express-3-4-0-package-tgz tar:///home/mki/.npm/express/3.4.0/package.tgz
84 verbose lock tar:///home/mki/.npm/express/3.4.0/package.tgz /home/mki/.npm/24b09c22-ki-npm-express-3-4-0-package-tgz.lock
85 silly gunzTarPerm modes [ '755', '644' ]
86 silly gunzTarPerm extractEntry package.json
87 silly gunzTarPerm extractEntry .npmignore
88 silly gunzTarPerm extractEntry LICENSE
89 silly gunzTarPerm extractEntry index.js
90 silly gunzTarPerm extractEntry test.js
91 silly gunzTarPerm extractEntry .travis.yml
92 silly gunzTarPerm extractEntry bin/express
93 silly gunzTarPerm extractEntry Makefile
94 silly gunzTarPerm extractEntry lib/application.js
95 silly gunzTarPerm extractEntry lib/express.js
96 silly gunzTarPerm extractEntry lib/middleware.js
97 silly gunzTarPerm extractEntry lib/request.js
98 silly gunzTarPerm extractEntry lib/response.js
99 silly gunzTarPerm extractEntry lib/utils.js
100 silly gunzTarPerm extractEntry lib/view.js
101 silly gunzTarPerm extractEntry lib/router/index.js
102 silly gunzTarPerm extractEntry lib/router/route.js
103 silly gunzTarPerm extractEntry History.md
104 silly gunzTarPerm extractEntry Readme.md
105 silly lockFile a1ac9fe9-me-mki-npm-express-3-4-0-package tar:///home/mki/.npm/express/3.4.0/package
106 silly lockFile a1ac9fe9-me-mki-npm-express-3-4-0-package tar:///home/mki/.npm/express/3.4.0/package
107 silly lockFile 24b09c22-ki-npm-express-3-4-0-package-tgz tar:///home/mki/.npm/express/3.4.0/package.tgz
108 silly lockFile 24b09c22-ki-npm-express-3-4-0-package-tgz tar:///home/mki/.npm/express/3.4.0/package.tgz
109 verbose chmod /home/mki/.npm/express/3.4.0/package.tgz 644
110 verbose chown /home/mki/.npm/express/3.4.0/package.tgz [ 1000, 1000 ]
111 silly lockFile c97509f2-js-org-express-express-3-4-0-tgz https://registry.npmjs.org/express/-/express-3.4.0.tgz
112 silly lockFile c97509f2-js-org-express-express-3-4-0-tgz https://registry.npmjs.org/express/-/express-3.4.0.tgz
113 silly lockFile 86194427-express-3-4-0 express@3.4.0
114 silly lockFile 86194427-express-3-4-0 express@3.4.0
115 silly lockFile 64a534c1-express express@
116 silly lockFile 64a534c1-express express@
117 silly resolved [ { name: 'express',
117 silly resolved     description: 'Sinatra inspired web development framework',
117 silly resolved     version: '3.4.0',
117 silly resolved     author: { name: 'TJ Holowaychuk', email: 'tj@vision-media.ca' },
117 silly resolved     contributors: [ [Object], [Object], [Object], [Object] ],
117 silly resolved     dependencies:
117 silly resolved      { connect: '2.9.0',
117 silly resolved        commander: '1.2.0',
117 silly resolved        'range-parser': '0.0.4',
117 silly resolved        mkdirp: '0.3.5',
117 silly resolved        cookie: '0.1.0',
117 silly resolved        'buffer-crc32': '0.2.1',
117 silly resolved        fresh: '0.2.0',
117 silly resolved        methods: '0.0.1',
117 silly resolved        send: '0.1.4',
117 silly resolved        'cookie-signature': '1.0.1',
117 silly resolved        debug: '*' },
117 silly resolved     devDependencies:
117 silly resolved      { ejs: '*',
117 silly resolved        mocha: '*',
117 silly resolved        jade: '0.30.0',
117 silly resolved        hjs: '*',
117 silly resolved        stylus: '*',
117 silly resolved        should: '*',
117 silly resolved        'connect-redis': '*',
117 silly resolved        marked: '*',
117 silly resolved        supertest: '0.6.0' },
117 silly resolved     keywords:
117 silly resolved      [ 'express',
117 silly resolved        'framework',
117 silly resolved        'sinatra',
117 silly resolved        'web',
117 silly resolved        'rest',
117 silly resolved        'restful',
117 silly resolved        'router',
117 silly resolved        'app',
117 silly resolved        'api' ],
117 silly resolved     repository: { type: 'git', url: 'git://github.com/visionmedia/express' },
117 silly resolved     main: 'index',
117 silly resolved     bin: { express: './bin/express' },
117 silly resolved     scripts: { prepublish: 'npm prune', test: 'make test' },
117 silly resolved     engines: { node: '*' },
117 silly resolved     readme: '![express logo](http://f.cl.ly/items/0V2S1n0K1i3y1c122g04/Screen%20Shot%202012-04-11%20at%209.59.42%20AM.png)\n\n  Fast, unopinionated, minimalist web framework for [node](http://nodejs.org). [![Build Status](https://secure.travis-ci.org/visionmedia/express.png)](http://travis-ci.org/visionmedia/express)\n\n```js\nvar express = require(\'express\');\nvar app = express();\n\napp.get(\'/\', function(req, res){\n  res.send(\'Hello World\');\n});\n\napp.listen(3000);\n```\n\n## Installation\n\n    $ npm install -g express\n\n## Quick Start\n\n The quickest way to get started with express is to utilize the executable `express(1)` to generate an application as shown below:\n\n Create the app:\n\n    $ npm install -g express\n    $ express /tmp/foo && cd /tmp/foo\n\n Install dependencies:\n\n    $ npm install\n\n Start the server:\n\n    $ node app\n\n## Features\n\n  * Built on [Connect](http://github.com/senchalabs/connect)\n  * Robust routing\n  * HTTP helpers (redirection, caching, etc)\n  * View system supporting 14+ template engines\n  * Content negotiation\n  * Focus on high performance\n  * Environment based configuration\n  * Executable for generating applications quickly\n  * High test coverage\n\n## Philosophy\n\n  The Express philosophy is to provide small, robust tooling for HTTP servers. Making\n  it a great solution for single page applications, web sites, hybrids, or public\n  HTTP APIs.\n\n  Built on Connect you can use _only_ what you need, and nothing more, applications\n  can be as big or as small as you like, even a single file. Express does\n  not force you to use any specific ORM or template engine. With support for over\n  14 template engines via [Consolidate.js](http://github.com/visionmedia/consolidate.js)\n  you can quickly craft your perfect framework.\n\n## More Information\n\n  * Join #express on freenode\n  * [Google Group](http://groups.google.com/group/express-js) for discussion\n  * Follow [tjholowaychuk](http://twitter.com/tjholowaychuk) on twitter for updates\n  * Visit the [Wiki](http://github.com/visionmedia/express/wiki)\n  * [Русскоязычная документация](http://jsman.ru/express/)\n  * Run express examples [online](https://runnable.com/express)\n\n## Viewing Examples\n\nClone the Express repo, then install the dev dependencies to install all the example / test suite deps:\n\n    $ git clone git://github.com/visionmedia/express.git --depth 1\n    $ cd express\n    $ npm install\n\nthen run whichever tests you want:\n\n    $ node examples/content-negotiation\n\n## Running Tests\n\nTo run the test suite first invoke the following command within the repo, installing the development dependencies:\n\n    $ npm install\n\nthen run the tests:\n\n    $ make test\n\n## Contributors\n\n```\nproject: express\ncommits: 3559\nactive : 468 days\nfiles  : 237\nauthors:\n 1891\tTj Holowaychuk          53.1%\n 1285\tvisionmedia             36.1%\n  182\tTJ Holowaychuk          5.1%\n   54\tAaron Heckmann          1.5%\n   34\tcsausdev                1.0%\n   26\tciaranj                 0.7%\n   21\tRobert Sköld            0.6%\n    6\tGuillermo Rauch         0.2%\n    3\tDav Glass               0.1%\n    3\tNick Poulden            0.1%\n    2\tRandy Merrill           0.1%\n    2\tBenny Wong              0.1%\n    2\tHunter Loftis           0.1%\n    2\tJake Gordon             0.1%\n    2\tBrian McKinney          0.1%\n    2\tRoman Shtylman          0.1%\n    2\tBen Weaver              0.1%\n    2\tDave Hoover             0.1%\n    2\tEivind Fjeldstad        0.1%\n    2\tDaniel Shaw             0.1%\n    1\tMatt Colyer             0.0%\n    1\tPau Ramon               0.0%\n    1\tPero Pejovic            0.0%\n    1\tPeter Rekdal Sunde      0.0%\n    1\tRaynos                  0.0%\n    1\tTeng Siong Ong          0.0%\n    1\tViktor Kelemen          0.0%\n    1\tctide                   0.0%\n    1\t8bitDesigner            0.0%\n    1\tisaacs                  0.0%\n    1\tmgutz                   0.0%\n    1\tpikeas                  0.0%\n    1\tshuwatto                0.0%\n    1\ttstrimple               0.0%\n    1\tewoudj                  0.0%\n    1\tAdam Sanderson          0.0%\n    1\tAndrii Kostenko         0.0%\n    1\tAndy Hiew               0.0%\n    1\tArpad Borsos            0.0%\n    1\tAshwin Purohit          0.0%\n    1\tBenjen                  0.0%\n    1\tDarren Torpey           0.0%\n    1\tGreg Ritter             0.0%\n    1\tGregory Ritter          0.0%\n    1\tJames Herdman           0.0%\n    1\tJim Snodgrass           0.0%\n    1\tJoe McCann              0.0%\n    1\tJonathan Dumaine        0.0%\n    1\tJonathan Palardy        0.0%\n    1\tJonathan Zacsh          0.0%\n    1\tJustin Lilly            0.0%\n    1\tKen Sato                0.0%\n    1\tMaciej Małecki          0.0%\n    1\tMasahiro Hayashi        0.0%\n```\n\n## License\n\n(The MIT License)\n\nCopyright (c) 2009-2012 TJ Holowaychuk &lt;tj@vision-media.ca&gt;\n\nPermission is hereby granted, free of charge, to any person obtaining\na copy of this software and associated documentation files (the\n\'Software\'), to deal in the Software without restriction, including\nwithout limitation the rights to use, copy, modify, merge, publish,\ndistribute, sublicense, and/or sell copies of the Software, and to\npermit persons to whom the Software is furnished to do so, subject to\nthe following conditions:\n\nThe above copyright notice and this permission notice shall be\nincluded in all copies or substantial portions of the Software.\n\nTHE SOFTWARE IS PROVIDED \'AS IS\', WITHOUT WARRANTY OF ANY KIND,\nEXPRESS OR IMPLIED, INCLUDING BUT NOT LIMITED TO THE WARRANTIES OF\nMERCHANTABILITY, FITNESS FOR A PARTICULAR PURPOSE AND NONINFRINGEMENT.\nIN NO EVENT SHALL THE AUTHORS OR COPYRIGHT HOLDERS BE LIABLE FOR ANY\nCLAIM, DAMAGES OR OTHER LIABILITY, WHETHER IN AN ACTION OF CONTRACT,\nTORT OR OTHERWISE, ARISING FROM, OUT OF OR IN CONNECTION WITH THE\nSOFTWARE OR THE USE OR OTHER DEALINGS IN THE SOFTWARE.\n',
117 silly resolved     readmeFilename: 'Readme.md',
117 silly resolved     bugs: { url: 'https://github.com/visionmedia/express/issues' },
117 silly resolved     _id: 'express@3.4.0',
117 silly resolved     dist: { shasum: '7c8f252af405821e7b3a1bfb29d709aa458bcbb7' },
117 silly resolved     _from: 'express@',
117 silly resolved     _resolved: 'https://registry.npmjs.org/express/-/express-3.4.0.tgz' } ]
118 info install express@3.4.0 into /usr/local/lib
119 info installOne express@3.4.0
120 info /usr/local/lib/node_modules/express unbuild
121 verbose tar unpack /home/mki/.npm/express/3.4.0/package.tgz
122 silly lockFile 365ba7ad-r-local-lib-node-modules-express tar:///usr/local/lib/node_modules/express
123 verbose lock tar:///usr/local/lib/node_modules/express /home/mki/.npm/365ba7ad-r-local-lib-node-modules-express.lock
124 silly lockFile 24b09c22-ki-npm-express-3-4-0-package-tgz tar:///home/mki/.npm/express/3.4.0/package.tgz
125 verbose lock tar:///home/mki/.npm/express/3.4.0/package.tgz /home/mki/.npm/24b09c22-ki-npm-express-3-4-0-package-tgz.lock
126 silly gunzTarPerm modes [ '755', '644' ]
127 error Error: EACCES, mkdir '/usr/local/lib/node_modules/express'
127 error  { [Error: EACCES, mkdir '/usr/local/lib/node_modules/express']
127 error   errno: 3,
127 error   code: 'EACCES',
127 error   path: '/usr/local/lib/node_modules/express',
127 error   fstream_type: 'Directory',
127 error   fstream_path: '/usr/local/lib/node_modules/express',
127 error   fstream_class: 'DirWriter',
127 error   fstream_stack:
127 error    [ '/usr/local/lib/node_modules/npm/node_modules/fstream/lib/dir-writer.js:36:23',
127 error      '/usr/local/lib/node_modules/npm/node_modules/mkdirp/index.js:37:53',
127 error      'Object.oncomplete (fs.js:107:15)' ] }
128 error Please try running this command again as root/Administrator.
129 error System Linux 3.2.0-4-686-pae
130 error command "/usr/local/bin/node" "/usr/local/bin/npm" "install" "-g" "express"
131 error cwd /home/mki/Git_Repositories/knode
132 error node -v v0.10.18
133 error npm -v 1.3.8
134 error path /usr/local/lib/node_modules/express
135 error fstream_path /usr/local/lib/node_modules/express
136 error fstream_type Directory
137 error fstream_class DirWriter
138 error code EACCES
139 error errno 3
140 error stack Error: EACCES, mkdir '/usr/local/lib/node_modules/express'
141 error fstream_stack /usr/local/lib/node_modules/npm/node_modules/fstream/lib/dir-writer.js:36:23
141 error fstream_stack /usr/local/lib/node_modules/npm/node_modules/mkdirp/index.js:37:53
141 error fstream_stack Object.oncomplete (fs.js:107:15)
142 verbose exit [ 3, true ]
